# t Temp Pres Epot Etot
0.000000 2.028267 28.076800 -1441.200946 -662.346529
0.050000 2.009747 29.036314 -1396.922227 -625.179271
0.100000 2.008004 27.927575 -1447.693674 -676.620109
0.150000 1.974007 27.385289 -1473.021318 -715.002637
0.200000 1.963249 30.334309 -1336.795791 -582.908289
0.250000 2.034419 29.795943 -1365.793483 -584.576650
0.300000 2.001754 29.373754 -1384.102829 -615.429319
0.350000 2.002132 28.003237 -1443.468146 -674.649399
0.400000 1.986036 28.790282 -1407.856096 -645.218126
0.450000 2.005672 28.347502 -1429.028074 -658.850196
0.500000 1.986982 28.875522 -1404.571334 -641.570063
0.550000 1.996248 29.090862 -1395.469406 -628.910109
0.600000 2.028565 29.731937 -1369.144853 -590.175904
0.650000 1.990443 28.681553 -1413.193111 -648.863146
0.700000 1.963523 28.366313 -1427.821754 -673.829058
0.750000 1.964846 28.953222 -1399.500650 -644.999884
0.800000 1.977202 28.870249 -1403.267024 -644.021334
0.850000 2.004386 29.884173 -1357.523616 -587.839356
0.900000 1.974443 27.351757 -1472.278002 -714.092005
0.950000 2.007340 27.166404 -1481.870131 -711.051485
1.000000 1.959165 29.385473 -1376.877632 -624.558428
1.050000 1.998456 29.829947 -1360.644446 -593.237350
1.100000 1.990426 29.483426 -1375.088122 -610.764425
1.150000 2.049433 28.889821 -1407.871735 -620.889635
1.200000 1.985971 28.272507 -1430.323725 -667.710966
1.250000 1.977719 29.509831 -1372.868938 -613.424897
1.300000 2.036093 28.590962 -1420.246610 -638.386961
1.350000 2.006001 28.034303 -1439.349689 -669.045296
1.400000 1.974492 29.087590 -1392.846150 -634.641036
1.450000 2.005570 27.617125 -1462.287531 -692.148816
1.500000 1.976779 29.370650 -1379.340696 -620.257421
1.550000 1.995878 29.267024 -1388.942586 -622.525373
1.600000 2.004111 28.819109 -1409.699376 -640.120883
1.650000 2.003263 28.737825 -1411.116331 -641.863479
1.700000 2.033290 28.580110 -1417.642747 -636.859440
1.750000 1.976255 28.288949 -1429.933057 -671.051044
1.800000 2.027152 28.973387 -1402.795520 -624.369295
1.850000 2.027895 28.757188 -1411.506518 -632.794685
1.900000 1.981054 28.564437 -1415.605812 -654.880991
1.950000 1.993921 28.684655 -1409.176310 -643.510764
2.000000 2.002842 28.903240 -1400.998027 -631.906881
2.050000 1.993003 30.787804 -1317.276305 -551.963023
2.100000 2.013944 27.846532 -1449.168233 -675.813649
2.150000 1.975755 28.027267 -1439.553758 -680.863985
2.200000 2.005443 28.700263 -1411.427470 -641.337341
2.250000 1.954748 28.671330 -1412.658187 -662.034957
2.300000 1.998361 30.195924 -1344.252069 -576.881429
2.350000 2.082447 29.598311 -1378.422086 -578.762610
2.400000 1.989917 27.699569 -1458.004920 -693.876657
2.450000 1.980911 28.540607 -1418.810792 -658.140912
2.500000 2.009651 30.020980 -1352.971933 -581.265768
2.550000 1.998998 28.404403 -1427.243575 -659.628501
2.600000 1.972170 29.506371 -1375.300964 -617.987567
2.650000 2.014003 29.228006 -1388.870456 -615.493120
2.700000 2.010572 28.977742 -1396.912933 -624.853342
2.750000 2.019137 28.570746 -1420.984334 -645.635782
2.800000 1.971278 28.324252 -1428.733566 -671.762749
2.850000 1.983602 29.533710 -1376.798659 -615.095646
2.900000 2.047793 29.136715 -1394.215082 -607.862672
2.950000 1.983866 28.913443 -1403.180920 -641.376459
3.000000 1.960331 27.856909 -1448.143841 -695.376692
3.050000 1.964225 30.993402 -1304.198318 -549.935741
3.100000 2.043735 29.300891 -1386.952455 -602.158152
3.150000 2.001023 28.040420 -1440.607305 -672.214472
3.200000 2.015861 28.032586 -1443.803310 -669.712571
3.250000 1.972615 29.175398 -1388.678486 -631.194506
3.300000 2.077990 28.546342 -1419.016819 -621.068827
3.350000 1.985337 27.785560 -1451.155774 -688.786338
3.400000 1.954554 28.337420 -1426.751037 -676.202263
3.450000 1.979651 30.807190 -1316.693048 -556.506946
3.500000 2.070658 28.777411 -1415.387841 -620.255275
3.550000 2.014050 29.289221 -1385.269259 -611.874033
3.600000 1.979964 28.181901 -1434.625036 -674.318869
3.650000 1.997609 29.302192 -1386.364217 -619.282304
3.700000 1.997953 27.973677 -1445.268567 -678.054472
3.750000 1.974900 28.277895 -1429.602824 -671.241122
3.800000 1.996413 29.597545 -1373.394777 -606.772245
3.850000 1.990389 29.233732 -1389.815697 -625.506376
3.900000 2.014794 28.558675 -1420.436580 -646.755725
3.950000 1.990745 29.716710 -1365.504099 -601.057990
4.000000 2.013870 29.777398 -1364.263153 -590.936903
4.050000 1.984294 27.859455 -1452.189729 -690.220941
4.100000 2.025115 28.881082 -1407.803466 -630.159353
4.150000 1.979581 29.271494 -1387.949028 -627.789747
4.200000 2.035302 28.516532 -1424.381770 -642.825956
4.250000 1.992072 28.311375 -1430.871085 -665.915259
4.300000 2.009006 27.858568 -1453.511032 -682.052581
4.350000 1.998471 29.642815 -1369.661026 -602.248273
4.400000 2.031802 28.247644 -1433.359403 -653.147574
4.450000 1.973676 28.169753 -1433.996932 -676.105160
4.500000 1.989104 28.795205 -1409.179771 -645.363790
4.550000 1.997157 29.824809 -1364.309767 -597.401442
4.600000 2.031872 28.834246 -1408.515016 -628.276190
4.650000 2.013795 28.448024 -1423.334848 -650.037731
4.700000 1.992920 28.662943 -1416.676395 -651.395079
4.750000 1.970545 28.362381 -1428.870183 -672.180998
4.800000 2.030753 28.593254 -1418.933179 -639.124108
4.850000 1.974992 28.046736 -1439.293191 -680.896082
4.900000 1.966866 29.039127 -1396.071993 -640.795633
4.950000 1.999278 28.640886 -1417.070386 -649.347790
5.000000 2.011715 28.946285 -1402.008978 -629.510469
5.050000 2.005417 28.185433 -1436.446209 -666.366123
5.100000 1.994787 28.165533 -1439.759542 -673.761266
5.150000 2.021599 29.804562 -1366.011725 -589.717594
5.200000 1.993907 29.918619 -1354.576161 -588.915865
5.250000 1.957875 29.996724 -1354.183477 -602.359573
5.300000 2.019162 27.683301 -1459.729918 -684.371739
5.350000 1.998115 27.755376 -1451.867739 -684.591427
5.400000 2.016292 28.725942 -1414.559514 -640.303327
5.450000 2.020170 28.258364 -1433.845700 -658.100591
5.500000 2.032967 28.965678 -1403.789493 -623.130270
5.550000 2.023794 28.084156 -1443.729398 -666.592592
5.600000 2.000108 29.444598 -1377.048484 -609.007020
5.650000 2.013330 28.802996 -1408.394739 -635.276134
5.700000 2.007496 28.682835 -1412.031371 -641.152959
5.750000 2.024541 28.294927 -1434.713129 -657.289399
5.800000 1.993029 28.269247 -1434.541180 -669.217991
5.850000 1.969640 29.416660 -1384.800198 -628.458499
5.900000 2.014980 29.501660 -1379.082545 -605.330298
5.950000 2.038504 29.294690 -1386.730199 -603.944669
6.000000 1.974320 27.891603 -1449.207825 -691.069100
6.050000 1.987114 27.884474 -1448.865812 -685.814074
6.100000 1.978022 28.399256 -1422.581278 -663.020915
6.150000 2.009155 29.060152 -1395.467795 -623.952392
6.200000 1.984329 29.625870 -1371.679971 -609.697672
6.250000 2.012806 28.802375 -1409.906147 -636.988624
6.300000 2.016661 29.583026 -1374.827122 -600.429434
6.350000 1.981450 29.112204 -1390.170763 -629.293956
6.400000 2.001891 28.801271 -1408.202963 -639.477009
6.450000 1.976174 29.071891 -1394.254158 -635.403258
6.500000 1.985206 29.652798 -1367.725963 -605.407005
6.550000 2.020653 28.522743 -1422.002081 -646.071229
6.600000 2.010115 27.998181 -1444.220337 -672.336089
6.650000 2.010191 28.913063 -1402.874190 -630.961029
6.700000 2.024410 28.580394 -1419.017316 -641.643815
6.750000 1.986669 29.006204 -1397.995953 -635.114965
6.800000 2.022353 27.570722 -1466.793215 -690.209755
6.850000 2.007130 29.744785 -1365.299579 -594.561687
6.900000 2.002135 28.055756 -1442.919961 -674.100096
6.950000 2.029731 29.421649 -1383.708227 -604.291387
7.000000 2.018995 28.492085 -1421.989882 -646.695634
7.050000 1.993191 28.949710 -1402.853311 -637.468018
7.100000 2.034250 29.329161 -1387.663545 -606.511554
7.150000 1.989547 28.548236 -1418.558344 -654.572183
7.200000 2.010700 28.476903 -1426.202073 -654.093266
7.250000 1.991231 29.513474 -1377.348034 -612.715291
7.300000 1.993224 27.393597 -1472.490770 -707.092747
7.350000 1.981188 30.744367 -1320.932591 -560.156451
7.400000 2.040446 27.883282 -1455.217384 -671.686111
7.450000 2.014369 28.236125 -1432.414950 -658.897369
7.500000 1.996372 16.757673 -1561.825748 -795.218805
7.550000 1.996801 16.994826 -1553.604753 -786.833100
7.600000 2.007761 17.863698 -1511.387905 -740.407502
7.650000 1.989436 16.948362 -1554.924487 -790.980888
7.700000 2.013067 16.833546 -1562.249287 -789.231672
7.750000 1.984975 18.288826 -1493.448356 -731.217841
7.800000 2.016586 18.422375 -1487.463573 -713.094544
7.850000 1.978924 18.255532 -1491.420043 -731.513405
7.900000 1.978963 18.387015 -1490.273149 -730.351249
7.950000 2.015922 17.470436 -1533.250473 -759.136351
8.000000 2.021157 17.826906 -1512.224566 -736.100411
8.050000 1.973128 17.001730 -1549.577362 -791.896325
8.100000 2.004837 17.680868 -1517.803095 -747.945652
8.150000 2.016814 16.662187 -1565.751957 -791.295329
8.200000 1.959102 17.176936 -1540.667863 -788.372857
8.250000 1.953854 19.061192 -1452.919811 -702.639931
8.300000 2.020192 17.902292 -1513.220344 -737.466776
8.350000 1.978914 18.008256 -1502.467264 -742.564422
8.400000 2.020048 16.067771 -1598.451823 -822.753357
8.450000 1.990682 17.664333 -1517.129287 -752.707460
8.500000 2.003027 16.830129 -1560.318883 -791.156630
8.550000 1.997493 16.828887 -1560.527838 -793.490450
8.600000 1.983926 19.169038 -1452.526376 -690.698684
8.650000 1.989241 17.625160 -1525.424806 -761.556314
8.700000 2.045150 18.410256 -1490.016157 -704.678454
8.750000 1.980180 16.831463 -1555.362338 -794.973371
8.800000 2.003723 16.676444 -1565.857283 -796.427463
8.850000 2.012375 17.818024 -1508.924166 -736.172142
8.900000 2.022045 17.716632 -1520.868606 -744.403277
8.950000 1.988704 16.495631 -1584.290639 -820.628277
9.000000 2.018225 17.681596 -1522.371203 -747.372791
9.050000 1.960834 18.685532 -1468.523937 -715.563846
9.100000 2.050485 18.378947 -1488.501055 -701.114678
9.150000 1.967177 17.656532 -1520.657404 -765.261586
9.200000 2.023498 17.827294 -1515.793831 -738.770456
9.250000 1.996483 17.312004 -1539.904493 -773.255090
9.300000 2.003060 17.130315 -1551.419138 -782.243964
9.350000 2.021235 17.274788 -1538.746992 -762.592731
9.400000 1.982937 16.208119 -1590.783668 -829.335696
9.450000 1.967817 18.168241 -1501.247555 -745.605893
9.500000 2.035977 17.255038 -1544.776385 -762.961253
9.550000 1.980988 17.664443 -1521.011234 -760.312011
9.600000 1.983604 17.815281 -1514.885540 -753.181735
9.650000 2.000876 18.598689 -1476.784438 -708.448148
9.700000 1.980088 17.864975 -1512.669555 -752.315593
9.750000 2.011726 17.601090 -1530.625494 -758.122807
9.800000 2.015606 18.092314 -1502.423762 -728.430978
9.850000 1.963311 17.559485 -1524.277626 -770.366208
9.900000 1.989611 18.420750 -1485.225360 -721.214577
9.950000 1.990660 17.981507 -1504.266474 -739.853199
10.000000 1.984420 17.692399 -1520.594497 -758.577128
10.050000 1.993035 17.860790 -1510.638306 -745.312979
10.100000 1.981191 17.461152 -1532.823064 -772.045788
10.150000 1.966340 19.118006 -1454.287933 -699.213281
10.200000 2.027223 18.808475 -1472.293839 -693.840351
10.250000 2.007117 18.357548 -1489.470716 -718.737872
10.300000 2.026146 17.648556 -1524.064322 -746.024409
10.350000 1.998545 17.001890 -1555.641787 -788.200352
10.400000 2.008463 15.232743 -1637.664695 -866.414912
10.450000 1.962496 17.561510 -1527.092764 -773.494271
10.500000 2.004163 17.670310 -1519.088584 -749.490087
10.550000 2.002300 17.125458 -1550.341208 -781.457854
10.600000 2.007600 17.956631 -1510.723999 -739.805451
10.650000 2.002309 18.383001 -1486.772162 -717.885388
10.700000 2.016067 17.318461 -1537.500604 -763.330983
10.750000 1.977728 18.116907 -1502.233726 -742.786056
10.800000 1.959234 18.470460 -1479.793321 -727.447463
10.850000 2.004493 17.268837 -1542.478294 -772.752924
10.900000 2.015685 16.875848 -1560.718414 -786.695261
10.950000 1.982648 17.701693 -1520.152161 -758.815148
11.000000 2.015361 17.563869 -1528.586783 -754.688100
11.050000 2.002437 17.986954 -1504.127554 -735.191732
11.100000 1.972638 18.190499 -1498.692824 -741.199692
11.150000 1.999436 16.735688 -1564.979143 -797.195859
11.200000 1.972369 17.814510 -1516.729719 -759.340156
11.250000 2.027559 18.549907 -1485.179933 -706.597366
11.300000 2.024953 17.066415 -1552.301793 -774.719979
11.350000 2.032924 16.932505 -1556.879967 -776.236980
11.400000 1.978902 17.056935 -1546.303138 -786.404693
11.450000 1.997745 17.351978 -1538.006252 -770.872098
11.500000 1.979391 17.695457 -1521.459819 -761.373674
11.550000 1.936981 20.141792 -1404.453111 -660.652404
11.600000 2.062198 18.184840 -1505.425802 -713.541844
11.650000 1.988691 18.485047 -1483.370406 -719.712927
11.700000 1.992280 17.235635 -1543.551718 -778.516321
11.750000 1.990716 16.150461 -1595.251279 -830.816316
11.800000 2.005573 17.511102 -1528.340899 -758.201024
11.850000 1.987758 17.907188 -1510.170312 -746.871394
11.900000 2.011317 18.258153 -1498.051979 -725.706311
11.950000 1.993154 18.648304 -1474.315776 -708.944760
12.000000 1.977435 16.141015 -1594.990176 -835.655085
12.050000 2.022069 18.270723 -1491.782604 -715.308267
12.100000 1.988768 17.529415 -1528.439542 -764.752652
12.150000 2.019407 16.814857 -1562.680142 -787.227947
12.200000 1.980784 17.846110 -1514.903880 -754.282750
12.250000 2.007922 18.791621 -1466.524020 -695.481985
12.300000 1.999331 17.358753 -1534.985328 -767.242055
12.350000 2.015667 17.272939 -1540.778969 -766.762801
12.400000 1.983170 17.023055 -1551.091488 -789.554252
12.450000 1.985342 16.731242 -1565.299764 -802.928564
12.500000 1.999649 18.211610 -1493.554088 -725.688895
12.550000 1.980383 17.584186 -1526.185619 -765.718394
12.600000 2.027902 17.977390 -1509.368546 -730.654279
12.650000 1.989921 17.839662 -1516.503446 -752.373597
12.700000 1.990633 18.435133 -1489.234024 -724.830984
12.750000 1.999549 17.377905 -1539.195093 -771.368095
12.800000 2.021853 18.919822 -1464.422643 -688.030907
12.850000 1.992844 17.192011 -1543.681458 -778.429355
12.900000 1.999403 16.589423 -1571.583430 -803.812822
12.950000 2.023620 16.403678 -1582.518450 -805.448394
13.000000 1.991356 17.378348 -1528.744720 -764.064012
13.050000 1.978145 16.710883 -1565.881430 -806.273711
13.100000 2.025685 17.897971 -1510.620838 -732.757839
13.150000 2.005313 15.901382 -1600.458927 -830.418853
13.200000 1.961438 18.740808 -1464.089697 -710.897544
13.250000 2.013204 18.196946 -1501.103195 -728.032742
13.300000 1.993387 17.715238 -1525.026505 -759.565974
13.350000 1.984266 16.919032 -1562.471387 -800.513089
13.400000 1.970829 18.008227 -1503.173912 -746.375654
13.450000 1.994091 17.525488 -1527.758034 -762.027241
13.500000 1.988822 17.475828 -1530.455837 -766.748026
13.550000 2.037717 16.806505 -1562.943456 -780.460293
13.600000 2.004111 16.780670 -1564.337793 -794.759029
13.650000 2.015141 18.159164 -1497.512175 -723.698208
13.700000 2.013320 18.393135 -1483.850646 -710.735642
13.750000 2.022430 17.134451 -1550.851540 -774.238458
13.800000 1.993177 17.763300 -1518.789094 -753.409168
13.850000 2.006034 18.004676 -1508.056513 -737.739506
13.900000 1.978082 18.173508 -1499.034749 -739.451087
13.950000 2.013283 18.881114 -1463.234998 -690.134180
14.000000 2.012923 17.673181 -1519.973979 -747.011666
14.050000 2.020230 17.161130 -1548.213885 -772.445689
14.100000 2.003651 16.468702 -1578.682679 -809.280871
14.150000 2.010568 17.423039 -1531.796586 -759.738616
14.200000 1.986782 18.251133 -1489.432286 -726.508043
14.250000 2.023126 17.704823 -1517.482249 -740.601698
14.300000 1.994232 17.990223 -1506.856957 -741.071880
14.350000 2.013918 17.054327 -1550.837369 -777.492676
14.400000 1.982867 16.728430 -1565.073757 -803.652856
14.450000 1.966135 18.510112 -1483.721341 -728.725545
14.500000 1.989235 18.564333 -1478.581830 -714.715563
14.550000 1.994346 18.914956 -1458.843666 -693.014729
14.600000 2.002176 18.527652 -1480.874539 -712.038877
14.650000 1.998755 17.002404 -1553.817031 -786.295186
14.700000 1.999796 17.883391 -1510.906055 -742.984223
14.750000 1.980830 17.781826 -1514.945847 -754.306948
14.800000 2.007786 16.353179 -1582.799520 -811.809833
14.850000 1.982406 17.589869 -1520.478013 -759.234079
14.900000 1.990182 18.023613 -1501.130923 -736.901226
14.950000 2.016267 18.081289 -1500.625227 -726.378756
15.000000 1.998281 14.418902 -1328.810703 -561.470873
15.050000 2.003747 14.004976 -1348.369034 -578.930198
15.100000 2.006623 13.113851 -1396.995007 -626.451820
15.150000 1.990409 14.081963 -1347.783877 -583.466752
15.200000 2.021130 14.836720 -1309.198488 -533.084728
15.250000 1.962925 14.180327 -1335.649120 -581.885773
15.300000 2.002343 14.103557 -1344.185473 -575.285872
15.350000 1.998802 14.141917 -1344.779631 -577.239747
15.400000 1.999575 13.905657 -1351.314172 -583.477562
15.450000 2.008693 14.587545 -1318.955292 -547.617308
15.500000 1.990773 14.290779 -1343.124192 -578.667418
15.550000 2.000679 14.315169 -1345.685305 -577.424601
15.600000 2.026841 14.479592 -1337.035852 -558.728823
15.650000 1.972920 14.273035 -1339.440833 -581.839460
15.700000 2.001871 15.477642 -1268.059125 -499.340620
15.750000 1.987048 13.888024 -1354.575485 -591.549177
15.800000 1.987436 15.270391 -1287.144286 -523.968732
15.850000 1.960251 15.561806 -1275.679211 -522.942650
15.900000 2.004698 15.990727 -1254.285482 -484.481512
15.950000 1.997187 15.296055 -1284.425656 -517.505945
16.000000 2.027987 13.931235 -1355.145461 -576.398608
16.050000 1.991120 14.894204 -1303.810331 -539.220295
16.100000 1.993209 15.015095 -1296.249260 -530.857036
16.150000 2.029342 15.058613 -1299.071061 -519.803715
16.200000 1.989584 15.649963 -1267.671911 -503.671611
16.250000 2.007092 14.335925 -1335.975137 -565.252001
16.300000 1.972398 13.850612 -1362.936285 -605.535395
16.350000 2.018155 14.272980 -1346.265501 -571.294133
16.400000 1.965295 14.805611 -1309.630653 -554.957255
16.450000 2.000496 15.844030 -1255.758141 -487.567665
16.500000 1.951768 15.277476 -1282.212342 -532.733451
16.550000 2.021002 15.705566 -1264.752449 -488.687770
16.600000 2.007520 15.467811 -1283.027277 -512.139510
16.650000 2.005328 15.408531 -1285.494580 -515.448770
16.700000 2.020980 14.310505 -1340.295794 -564.239431
16.750000 1.980783 15.057757 -1296.783614 -536.162879
16.800000 1.979581 15.211700 -1291.915203 -531.756150
16.850000 1.998866 15.247275 -1298.221808 -530.657137
16.900000 1.981266 16.311804 -1247.429922 -486.623916
16.950000 2.012166 16.477920 -1236.427067 -463.755408
17.000000 2.005996 16.045809 -1245.815823 -475.513322
17.050000 2.000296 16.848501 -1198.154177 -430.040390
17.100000 1.970621 15.464839 -1275.467604 -518.749232
17.150000 2.000566 15.608515 -1271.744532 -503.527357
17.200000 2.008976 16.189154 -1234.995647 -463.548987
17.250000 2.003043 16.031949 -1245.098726 -475.930172
17.300000 2.001771 15.353437 -1279.343578 -510.663592
17.350000 1.998263 15.733615 -1267.914551 -500.581411
17.400000 1.980905 16.306425 -1237.978199 -477.310784
17.450000 1.996930 16.455365 -1232.931103 -466.109926
17.500000 2.019980 15.462533 -1281.669019 -505.996868
17.550000 1.990324 14.768793 -1316.443387 -552.159152
17.600000 1.989819 15.214912 -1297.445753 -533.355172
17.650000 2.008734 14.991179 -1308.343681 -536.989940
17.700000 2.024250 14.957376 -1307.796217 -530.484039
17.750000 1.999785 14.876321 -1303.534625 -535.617245
17.800000 2.001765 14.842448 -1307.322752 -538.644849
17.850000 1.990612 15.439630 -1281.471463 -517.076619
17.900000 1.993138 15.213883 -1296.118559 -530.753379
17.950000 2.018828 15.021273 -1311.154949 -535.925068
18.000000 2.005268 16.131830 -1250.359786 -480.336912
18.050000 2.004217 14.397746 -1339.574074 -569.954906
18.100000 1.994502 14.718457 -1316.531591 -550.642697
18.150000 1.988105 15.591036 -1270.738398 -507.306170
18.200000 2.001293 14.991161 -1301.127132 -532.630559
18.250000 1.991365 14.641218 -1319.849536 -555.165251
18.300000 2.018366 14.483100 -1337.719611 -562.667029
18.350000 1.976732 15.087579 -1302.752295 -543.687193
18.400000 1.974568 15.871721 -1258.742966 -500.509008
18.450000 1.985864 15.925806 -1262.064716 -499.492982
18.500000 1.995847 15.325877 -1286.400919 -519.995551
18.550000 1.991643 15.158935 -1284.458292 -519.667276
18.600000 1.976573 16.387510 -1228.890988 -469.887144
18.650000 2.029151 16.129635 -1246.211370 -467.017322
18.700000 2.028849 15.494275 -1283.604149 -504.526150
18.750000 1.995818 14.833026 -1322.899194 -556.505078
18.800000 2.007922 14.707461 -1323.108369 -552.066170
18.850000 2.005114 14.357754 -1336.085309 -566.121471
18.900000 1.972946 14.793822 -1311.311702 -553.700319
18.950000 2.003419 15.013890 -1299.552453 -530.239586
19.000000 2.017289 14.671182 -1325.038766 -550.399805
19.050000 1.974529 15.011400 -1301.918173 -543.699221
19.100000 1.999047 13.855513 -1361.361355 -593.727269
19.150000 2.013093 14.411856 -1333.278872 -560.251285
19.200000 1.961167 13.704719 -1370.142923 -617.054633
19.250000 1.978781 15.022163 -1306.163766 -546.312048
19.300000 1.982280 15.709417 -1270.229750 -509.034175
19.350000 2.012458 14.764313 -1318.194845 -545.410886
19.400000 1.983388 15.116224 -1302.699395 -541.078283
19.450000 2.009009 14.403750 -1340.986520 -569.527171
19.500000 1.971853 15.884926 -1259.544687 -502.353019
19.550000 2.009166 15.112189 -1307.498300 -535.978637
19.600000 2.018274 13.727274 -1373.841483 -598.824163
19.650000 1.959291 15.228770 -1292.422664 -540.054926
19.700000 1.995433 15.963842 -1248.626458 -482.380246
19.750000 1.983801 15.873429 -1257.159121 -495.379699
19.800000 2.042557 16.102227 -1256.015425 -471.673568
19.850000 2.005376 14.775934 -1318.012928 -547.948379
19.900000 2.012043 15.097034 -1290.581550 -517.957050
19.950000 2.003876 13.806699 -1360.965314 -591.476853
20.000000 1.976716 14.887576 -1309.043570 -549.984516
20.050000 1.985696 15.387749 -1288.992992 -526.485865
20.100000 1.987260 15.341012 -1289.640252 -526.532260
20.150000 2.008541 15.848832 -1263.700991 -492.421371
20.200000 1.967316 15.980548 -1253.418118 -497.968610
20.250000 2.021592 15.243892 -1296.460481 -520.169067
20.300000 2.003163 15.385035 -1284.928435 -515.713753
20.350000 1.994891 14.644858 -1313.617578 -547.579442
20.400000 1.972739 15.189823 -1287.249879 -529.718167
20.450000 1.993474 14.993261 -1302.274078 -536.780139
20.500000 1.977958 15.032677 -1300.468727 -540.932916
20.550000 2.004243 15.222451 -1294.338647 -524.709171
20.600000 2.024239 14.600546 -1319.646405 -542.338492
20.650000 1.991380 13.608239 -1368.091736 -603.401739
20.700000 1.984743 13.773597 -1365.949435 -603.807950
20.750000 1.984287 14.729871 -1316.071170 -554.105150
20.800000 2.001680 15.067502 -1300.869976 -532.224867
20.850000 2.006819 15.843133 -1263.602665 -492.984319
20.900000 2.014003 15.701652 -1268.655898 -495.278745
20.950000 1.982913 15.295695 -1287.125155 -525.686371
21.000000 1.986968 15.182692 -1293.437486 -530.441956
21.050000 1.993842 14.912467 -1306.245213 -540.610071
21.100000 2.021462 15.582248 -1271.975689 -495.734439
21.150000 1.995085 16.294558 -1237.997272 -471.884665
21.200000 2.054931 15.148290 -1303.490914 -514.397300
21.250000 1.993076 15.071002 -1291.926758 -526.585628
21.300000 1.988686 14.808990 -1314.813673 -551.158383
21.350000 2.025109 16.467362 -1238.704473 -461.062654
21.400000 2.010030 15.773244 -1272.796172 -500.944695
21.450000 2.001777 15.629144 -1273.442157 -504.759768
21.500000 2.019082 16.091086 -1245.121139 -469.793507
21.550000 2.008362 15.450414 -1281.947585 -510.736741
21.600000 1.968942 15.415070 -1282.474170 -526.400364
21.650000 2.008096 15.044692 -1302.511208 -531.402477
21.700000 2.003646 14.937365 -1305.940091 -536.540071
21.750000 2.020197 15.104342 -1299.960658 -524.205138
21.800000 2.030455 14.616673 -1323.971595 -544.277037
21.850000 1.988710 15.173374 -1297.399621 -533.734925
21.900000 1.998873 15.411111 -1290.496027 -522.928808
21.950000 2.000831 14.396141 -1334.345995 -566.026724
22.000000 1.996898 14.725505 -1319.374284 -552.565347
22.050000 2.007567 14.460061 -1335.279505 -564.373829
22.100000 1.980358 14.936600 -1309.038778 -548.581424
22.150000 2.010883 16.183933 -1243.478248 -471.299286
22.200000 2.003511 14.793809 -1316.200058 -546.852009
22.250000 2.031453 15.045696 -1301.852643 -521.774600
22.300000 1.979547 15.159591 -1298.172219 -538.026197
22.350000 1.993755 16.596402 -1219.370384 -453.768403
22.400000 1.959311 15.528975 -1279.453181 -527.077688
22.450000 1.990779 16.050424 -1252.787783 -488.328804
22.500000 1.985038 8.534351 -1317.519148 -555.264525
22.550000 1.988559 9.321682 -1272.426006 -508.819355
22.600000 2.023403 8.885768 -1301.525482 -524.538832
22.650000 2.006092 8.769609 -1299.069457 -528.730073
22.700000 1.990967 8.094570 -1338.744120 -574.212661
22.750000 2.005502 9.008938 -1292.884883 -522.772295
22.800000 2.017633 9.388863 -1268.807906 -494.036736
22.850000 1.985666 9.251580 -1272.051776 -509.556008
22.900000 2.001245 9.186417 -1282.457902 -513.979800
22.950000 2.006776 9.442326 -1276.544365 -505.942331
23.000000 1.977666 8.935312 -1303.760080 -544.336211
23.050000 2.010585 9.042103 -1295.758723 -523.693996
23.100000 1.989225 9.040342 -1289.559569 -525.697100
23.150000 2.017518 8.493079 -1315.653628 -540.926716
23.200000 1.982047 8.860105 -1291.423889 -530.317863
23.250000 1.995171 8.423626 -1324.524678 -558.379044
23.300000 2.015367 8.589395 -1318.245723 -544.344637
23.350000 1.976738 8.706534 -1303.877234 -544.809777
23.400000 2.008501 8.165505 -1343.549655 -572.285231
23.450000 2.015218 8.617068 -1315.867216 -542.023592
23.500000 1.994114 8.521971 -1319.349777 -553.610062
23.550000 1.994053 8.284650 -1337.283415 -571.567182
23.600000 2.017843 8.034025 -1352.541629 -577.689805
23.650000 1.999340 8.114659 -1343.218096 -575.471486
23.700000 1.979253 8.012764 -1342.995433 -582.962285
23.750000 2.030411 7.915866 -1351.226926 -571.549163
23.800000 1.977358 8.664866 -1312.925770 -553.620260
23.850000 2.013544 9.268921 -1288.696881 -515.495800
23.900000 2.007469 9.927303 -1241.219237 -470.351161
23.950000 2.011796 8.927845 -1297.653320 -525.123514
24.000000 1.971747 9.945639 -1239.428388 -482.277490
24.050000 1.983702 9.713919 -1254.959067 -493.217638
24.100000 1.966142 10.942942 -1178.041879 -423.043499
24.150000 1.977399 10.139876 -1224.501504 -465.180477
24.200000 2.012914 9.113055 -1288.801355 -515.842357
24.250000 1.991469 8.473503 -1322.137868 -557.413930
24.300000 1.986021 8.534076 -1325.901539 -563.269597
24.350000 1.973138 9.285670 -1288.664679 -530.979714
24.400000 2.017069 8.762766 -1317.527317 -542.972681
24.450000 2.015389 9.064661 -1294.666935 -520.757368
24.500000 2.004989 7.836724 -1353.441635 -583.525777
24.550000 1.969172 8.343877 -1328.395252 -572.233258
24.600000 2.004207 9.143596 -1289.556909 -519.941256
24.650000 1.980329 9.579834 -1259.184014 -498.737775
24.700000 2.023571 9.392243 -1274.393653 -497.342443
24.750000 1.998799 8.637329 -1316.192123 -548.653394
24.800000 1.986472 8.987443 -1297.525120 -534.719902
24.850000 2.025778 9.176282 -1286.343747 -508.444950
24.900000 1.998954 8.673576 -1312.969469 -545.371218
24.950000 2.001415 9.380198 -1276.108724 -507.565214
25.000000 1.983114 8.743089 -1314.553945 -553.038054
25.050000 2.030001 8.289090 -1346.097652 -566.577351
25.100000 2.014047 9.108096 -1298.367643 -524.973785
25.150000 2.014294 9.502117 -1274.989769 -501.500887
25.200000 2.020837 9.188349 -1286.925587 -510.924306
25.250000 1.993370 9.005501 -1294.047835 -528.593869
25.300000 2.001271 9.783528 -1250.495139 -482.006945
25.350000 2.006625 9.904955 -1242.205727 -471.661903
25.400000 2.005393 8.955273 -1298.722780 -528.651909
25.450000 1.967386 9.328974 -1276.680757 -521.204684
25.500000 2.024438 9.063809 -1301.268434 -523.884203
25.550000 1.981762 10.017059 -1231.684557 -470.687987
25.600000 2.003179 8.430726 -1323.512736 -554.291829
25.650000 1.992873 9.515887 -1258.336122 -493.072780
25.700000 2.004515 8.721157 -1306.051725 -536.318007
25.750000 2.009287 8.114619 -1342.681409 -571.115070
25.800000 2.001777 7.362907 -1384.391029 -615.708740
25.850000 1.986470 7.855979 -1356.878146 -594.073789
25.900000 2.017587 8.383841 -1324.872334 -550.119081
25.950000 1.991972 8.540115 -1313.179184 -548.261989
26.000000 2.003637 8.449181 -1321.915882 -552.519122
26.050000 1.996742 9.412323 -1265.463310 -498.714339
26.100000 2.010268 8.836105 -1299.789565 -527.846588
26.150000 2.011288 8.353298 -1323.323167 -550.988523
26.200000 1.975036 8.633439 -1316.870000 -558.456155
26.250000 1.987971 9.834405 -1257.035600 -493.654728
26.300000 2.026690 9.569345 -1270.447978 -492.199012
26.350000 1.984610 8.957644 -1303.038184 -540.947905
26.400000 1.996462 10.036721 -1248.957754 -482.316372
26.450000 2.021423 9.743321 -1261.736493 -485.510205
26.500000 2.010525 8.997538 -1295.924903 -523.883280
26.550000 1.996208 8.793357 -1305.868318 -539.324406
26.600000 1.975770 9.658408 -1258.217072 -499.521572
26.650000 2.028376 9.260708 -1283.094735 -504.198401
26.700000 1.997312 9.831461 -1249.366966 -482.398997
26.750000 2.003510 10.060559 -1238.677166 -469.329276
26.800000 2.015221 9.194590 -1281.252783 -507.407957
26.850000 2.001043 9.725478 -1252.583792 -484.183197
26.900000 1.995937 9.891701 -1247.109005 -480.669259
26.950000 1.993441 9.751940 -1252.680878 -487.199452
27.000000 2.035816 8.726423 -1311.191623 -529.438366
27.050000 2.009438 9.144936 -1283.662775 -512.038689
27.100000 1.996760 9.142167 -1292.257267 -525.501609
27.150000 1.991838 9.500100 -1278.307957 -513.442308
27.200000 2.010971 9.391733 -1277.395799 -505.182786
27.250000 2.005288 8.953581 -1295.545963 -525.515502
27.300000 2.009557 8.519504 -1325.832660 -554.162698
27.350000 2.014046 8.607625 -1322.842711 -549.449095
27.400000 1.996066 9.197571 -1288.956959 -522.467795
27.450000 2.011046 8.894569 -1305.591225 -533.349407
27.500000 2.023268 8.537150 -1321.045143 -544.110347
27.550000 1.995524 8.363748 -1324.222705 -557.941298
27.600000 1.967986 9.290110 -1268.703502 -512.996834
27.650000 2.008773 8.851203 -1300.866155 -529.497441
27.700000 2.014770 9.525858 -1259.223912 -485.552054
27.750000 2.012248 8.798656 -1301.340980 -528.637815
27.800000 1.996575 8.661033 -1307.026734 -540.341973
27.850000 1.989300 8.111970 -1340.770430 -576.879338
27.900000 2.000118 9.908714 -1240.507495 -472.462185
27.950000 2.014208 9.293934 -1280.253593 -506.797780
28.000000 2.018276 9.043875 -1288.236711 -513.218638
28.050000 1.990407 8.455645 -1320.609027 -556.292890
28.100000 1.990278 9.886552 -1243.584023 -479.317371
28.150000 2.000754 10.537172 -1207.439858 -439.150481
28.200000 1.995957 9.511477 -1268.843083 -502.395651
28.250000 2.003648 9.614264 -1262.459588 -493.058731
28.300000 2.020959 8.813263 -1303.071071 -527.022848
28.350000 2.007354 9.239169 -1280.871005 -510.047258
28.400000 2.003771 9.461364 -1271.649765 -502.201626
28.450000 2.018835 9.389873 -1275.842015 -500.609365
28.500000 2.006463 8.981752 -1297.209296 -526.727493
28.550000 1.986839 8.931354 -1290.197831 -527.251665
28.600000 2.000494 8.665589 -1303.562882 -535.373085
28.650000 1.988609 9.179027 -1280.622369 -516.996457
28.700000 2.018679 8.922571 -1302.924181 -527.751522
28.750000 1.999157 8.955221 -1300.385889 -532.709528
28.800000 1.997990 9.554727 -1265.681314 -498.453007
28.850000 2.009594 8.866127 -1299.616724 -527.932671
28.900000 1.981560 9.284438 -1275.715162 -514.795952
28.950000 2.010228 8.233845 -1341.226900 -569.299496
29.000000 2.004768 8.579927 -1315.008606 -545.177749
29.050000 2.012014 9.386235 -1266.500097 -493.886598
29.100000 1.990474 9.069108 -1290.562364 -526.220161
29.150000 1.992445 9.727139 -1253.430506 -488.331799
29.200000 2.026758 8.545977 -1326.742513 -548.467266
29.250000 1.948454 10.021521 -1234.878922 -486.672723
29.300000 2.024695 8.328906 -1334.227348 -556.744541
29.350000 1.992461 8.243768 -1338.770143 -573.665164
29.400000 1.997503 8.582983 -1323.111424 -556.070100
29.450000 1.991939 9.100215 -1295.288647 -530.383999
29.500000 2.019226 8.630080 -1316.781094 -541.398230
29.550000 1.985502 8.243639 -1337.739293 -575.306382
29.600000 2.024304 9.023606 -1295.502132 -518.169422
29.650000 1.978517 8.941957 -1300.691269 -540.940628
29.700000 2.000865 9.625647 -1264.541153 -496.209028
29.750000 1.986463 9.526182 -1275.817236 -513.015569
29.800000 1.987476 9.453677 -1280.641936 -517.451322
29.850000 2.011610 8.976014 -1302.444258 -529.986027
29.900000 1.994940 9.723050 -1256.236269 -490.179145
29.950000 2.000692 9.147627 -1288.011199 -519.745556
30.000000 2.006468 5.026348 -1233.955525 -463.471914
30.050000 1.975139 6.481602 -1141.720668 -383.267279
30.100000 2.007754 5.476536 -1207.618761 -436.641371
30.150000 2.010940 5.258756 -1219.144834 -446.943765
30.200000 2.000111 5.302327 -1218.108396 -450.065692
30.250000 2.004309 5.380322 -1205.108708 -435.454203
30.300000 1.999008 5.092262 -1222.792212 -455.173029
30.350000 1.992113 5.393844 -1203.305328 -438.333887
30.400000 1.988984 5.021359 -1227.175435 -463.405737
30.450000 2.009022 5.229089 -1220.997376 -449.532905
30.500000 1.999816 5.293967 -1217.576398 -449.647033
30.550000 2.000566 5.240334 -1220.963097 -452.745906
30.600000 1.991602 5.978226 -1172.723938 -407.948906
30.650000 1.977747 5.660757 -1197.210070 -437.755064
30.700000 2.009530 4.951776 -1243.049632 -471.390271
30.750000 1.980037 5.495199 -1210.912289 -450.578130
30.800000 2.015861 5.752553 -1202.379845 -428.289284
30.850000 2.010137 5.624682 -1209.557212 -437.664759
30.900000 1.997368 5.538479 -1212.017006 -445.027527
30.950000 1.997377 5.804994 -1188.105829 -421.112923
31.000000 2.011441 5.269823 -1220.487244 -448.094018
31.050000 1.983467 5.396181 -1206.001618 -444.350121
31.100000 1.993201 5.625234 -1188.328548 -422.939373
31.150000 1.994335 5.299667 -1211.772646 -445.947828
31.200000 2.009234 5.309712 -1216.405611 -444.859590
31.250000 2.014760 4.960354 -1242.400938 -468.733258
31.300000 2.008060 4.982539 -1232.015507 -460.920494
31.350000 1.999573 4.950390 -1230.891146 -463.054925
31.400000 1.998374 5.614561 -1197.147185 -429.771640
31.450000 1.980122 5.627845 -1207.328921 -446.962062
31.500000 1.992420 5.989082 -1184.478439 -419.389290
31.550000 2.003403 5.577953 -1202.215430 -432.908691
31.600000 2.003230 5.291149 -1215.809431 -446.569046
31.650000 1.998015 5.266256 -1213.203315 -445.965643
31.700000 1.991818 4.594144 -1255.112076 -490.253776
31.750000 2.009438 4.982139 -1232.656634 -461.032467
31.800000 2.005729 5.338343 -1219.164643 -448.964576
31.850000 2.004433 5.676917 -1204.655508 -434.953266
31.900000 2.024026 5.432679 -1221.355735 -444.129640
31.950000 1.999047 5.607663 -1204.410635 -436.776421
32.000000 2.008214 5.166274 -1233.668254 -462.514236
32.050000 2.002025 5.534395 -1202.620695 -433.842967
32.100000 1.995845 5.129359 -1224.774268 -458.369761
32.150000 1.993490 6.006622 -1170.996308 -405.496070
32.200000 1.994314 5.921848 -1176.702291 -410.885683
32.250000 2.031949 5.903982 -1183.521603 -403.253377
32.300000 2.014201 5.458773 -1213.596139 -440.142787
32.350000 2.013363 5.173717 -1230.116042 -456.984737
32.400000 1.984092 5.326893 -1220.437963 -458.546716
32.450000 2.002428 5.031707 -1235.266034 -466.333506
32.500000 1.996539 4.668389 -1253.505398 -486.834597
32.550000 2.001697 4.350351 -1274.132326 -505.480705
32.600000 1.992822 5.149295 -1224.847540 -459.603765
32.650000 2.005858 5.629085 -1198.479562 -428.230227
32.700000 2.003301 5.165347 -1227.171356 -457.903793
32.750000 1.996170 5.093927 -1231.930396 -465.400957
32.800000 2.015304 5.455570 -1208.124246 -434.247637
32.850000 2.009521 5.415740 -1214.493713 -442.837553
32.900000 2.013876 5.405291 -1212.630383 -439.301966
32.950000 1.991751 5.409066 -1217.311092 -452.478781
33.000000 2.018084 6.058796 -1178.193286 -403.248910
33.050000 1.986339 5.270783 -1227.230016 -464.475768
33.100000 2.002611 5.310907 -1224.575620 -455.572819
33.150000 2.018966 4.472899 -1267.300603 -492.017741
33.200000 1.971960 4.760360 -1239.602844 -482.370079
33.250000 1.991917 5.049563 -1235.140611 -470.244637
33.300000 2.014859 5.675143 -1205.365130 -431.659201
33.350000 2.001784 5.390797 -1221.552066 -452.866854
33.400000 1.999607 5.510857 -1208.167496 -440.318538
33.450000 2.013361 5.155175 -1225.010097 -451.879452
33.500000 1.996538 5.023945 -1232.831786 -466.161004
33.550000 2.016646 4.851950 -1245.518221 -471.126117
33.600000 1.953565 5.487566 -1203.232217 -453.063228
33.650000 2.007961 6.132251 -1163.895442 -392.838547
33.700000 2.004592 4.929417 -1237.470807 -467.707520
33.750000 2.017686 5.437662 -1202.274939 -427.483469
33.800000 1.988039 4.626904 -1251.829476 -488.422640
33.850000 2.011866 4.959731 -1234.461042 -461.904465
33.900000 1.982462 5.128400 -1233.440152 -472.174694
33.950000 2.021060 5.972324 -1184.378211 -408.291333
34.000000 2.014313 6.101563 -1172.553984 -399.057807
34.050000 1.988777 5.751446 -1198.538125 -434.847802
34.100000 1.997264 5.461408 -1215.965046 -449.015633
34.150000 1.971038 5.644980 -1202.540127 -445.661674
34.200000 2.027510 5.949640 -1189.333474 -410.769626
34.250000 1.991911 5.323503 -1216.981252 -452.087421
34.300000 1.994988 5.056010 -1230.655577 -464.580332
34.350000 2.002446 5.136647 -1220.853708 -451.914366
34.400000 2.000126 5.365368 -1201.006759 -432.958323
34.450000 1.998069 4.444547 -1264.081043 -496.822374
34.500000 2.007175 5.489856 -1199.265780 -428.510721
34.550000 2.004224 5.753487 -1184.272942 -414.651054
34.600000 2.031434 5.118294 -1230.564565 -450.493957
34.650000 1.984424 5.564631 -1202.136271 -440.117343
34.700000 2.006343 5.728398 -1190.396458 -419.960887
34.750000 2.002451 5.082425 -1231.102366 -462.161079
34.800000 1.990601 5.449683 -1214.459075 -450.068262
34.850000 2.001165 5.457542 -1214.618666 -446.171126
34.900000 2.015583 5.293792 -1222.694369 -448.710470
34.950000 1.980300 5.606037 -1198.446083 -438.010809
35.000000 2.016985 5.117229 -1225.872178 -451.349998
35.050000 1.987727 5.004139 -1234.429292 -471.142051
35.100000 1.965960 5.859757 -1187.049545 -432.120772
35.150000 2.012906 6.004152 -1176.492976 -403.536963
35.200000 2.009631 4.567499 -1259.210287 -487.511822
35.250000 1.978073 5.475995 -1197.469250 -437.889299
35.300000 1.984421 5.928271 -1173.591971 -411.574238
35.350000 2.020571 4.988442 -1239.679128 -463.779802
35.400000 1.992887 4.438619 -1267.105547 -501.837130
35.450000 1.994883 4.628391 -1254.337140 -488.302203
35.500000 1.986937 5.407696 -1213.429738 -450.446119
35.550000 2.012610 5.498598 -1208.710368 -435.868060
35.600000 1.988323 4.734666 -1257.529286 -494.013402
35.650000 1.987241 5.313177 -1226.497587 -463.396962
35.700000 1.999705 5.653136 -1205.634378 -437.747720
35.750000 1.976520 5.905622 -1188.931052 -429.947416
35.800000 2.011298 6.281712 -1165.615736 -393.277367
35.850000 2.004728 5.577673 -1207.878342 -438.062685
35.900000 2.004981 6.372880 -1154.728480 -384.815829
35.950000 2.007126 6.325735 -1162.522295 -391.785802
36.000000 1.983882 5.863838 -1192.327541 -430.516792
36.050000 2.000963 5.969478 -1182.269775 -413.900011
36.100000 2.005595 5.671212 -1196.942730 -426.794361
36.150000 1.987029 5.697883 -1203.228538 -440.209237
36.200000 2.041453 6.412980 -1163.731159 -379.813343
36.250000 1.966989 6.575385 -1153.649909 -398.326021
36.300000 2.025041 6.484642 -1157.891441 -380.275816
36.350000 1.998802 5.294064 -1230.224397 -462.684331
36.400000 1.989048 5.967313 -1179.618024 -415.823416
36.450000 1.996686 5.547886 -1204.394627 -437.667188
36.500000 2.006100 4.717855 -1254.389169 -484.046849
36.550000 1.988610 4.981651 -1238.612249 -474.986186
36.600000 1.998395 5.379228 -1215.415247 -448.031614
36.650000 1.983497 5.196046 -1223.333051 -461.670186
36.700000 2.000692 5.437570 -1212.199573 -443.933783
36.750000 2.016176 5.092236 -1237.436127 -463.224485
36.800000 2.005755 5.005801 -1237.985181 -467.775161
36.850000 1.999645 4.686410 -1257.189747 -489.326058
36.900000 1.985669 5.046851 -1234.694573 -472.197506
36.950000 2.027236 5.427115 -1210.309999 -431.851333
37.000000 1.984730 5.560675 -1200.620177 -438.483677
37.050000 2.007741 5.266743 -1220.944265 -449.971912
37.100000 1.987407 5.503186 -1200.104470 -436.940299
37.150000 2.006651 5.214677 -1219.715077 -449.161117
37.200000 2.025249 5.957116 -1170.127435 -392.431903
37.250000 1.962027 5.638001 -1190.512417 -437.093947
37.300000 2.009999 5.586893 -1198.986738 -427.146985
37.350000 1.985710 5.519706 -1204.224517 -441.711828
37.400000 1.995439 5.228234 -1223.619919 -457.371190
37.450000 2.011264 5.493416 -1207.408929 -435.083641
37.500000 1.975059 2.927987 -1090.072362 -331.649725
37.550000 2.012007 2.703959 -1114.602516 -341.991876
37.600000 1.992718 2.547650 -1128.182432 -362.978673
37.650000 2.003496 2.855625 -1113.901873 -344.559592
37.700000 2.000224 2.993116 -1109.586256 -341.500058
37.750000 2.005464 2.890787 -1125.174539 -355.076334
37.800000 1.992975 3.294498 -1096.330090 -331.027601
37.850000 2.002135 3.274998 -1094.121898 -325.302197
37.900000 2.002662 3.266287 -1092.354772 -323.332520
37.950000 1.988123 2.822114 -1125.298641 -361.859556
38.000000 2.002586 3.213729 -1094.451677 -325.458815
38.050000 1.996808 3.450914 -1072.989664 -306.215226
38.100000 2.016570 2.648755 -1134.433454 -360.070763
38.150000 2.001513 3.207058 -1098.141647 -329.560526
38.200000 2.015700 3.111318 -1106.080308 -332.051554
38.250000 2.004525 2.471525 -1145.776468 -376.038811
38.300000 1.989761 3.024913 -1101.919617 -337.851552
38.350000 2.016326 2.730584 -1125.609225 -351.340026
38.400000 2.002910 2.730909 -1123.724407 -354.606995
38.450000 1.963131 3.537892 -1067.699488 -313.857221
38.500000 2.021961 3.898522 -1052.074885 -275.642011
38.550000 1.988354 2.919535 -1117.058867 -353.530775
38.600000 2.021704 3.132652 -1093.195978 -316.861492
38.650000 1.977890 2.519655 -1131.911907 -372.402208
38.700000 1.977317 3.183417 -1089.501021 -330.211472
38.750000 1.997620 3.570244 -1066.862452 -299.776417
38.800000 2.023971 3.118853 -1096.267168 -319.062198
38.850000 2.008929 3.336013 -1071.545807 -300.117120
38.900000 1.993967 2.895150 -1106.290227 -340.606949
38.950000 2.001080 2.929520 -1102.453359 -334.038708
39.000000 1.999987 3.291571 -1079.909809 -311.914674
39.050000 2.008791 3.349313 -1083.813442 -312.437748
39.100000 2.007329 3.253179 -1085.489249 -314.674931
39.150000 2.003717 2.914241 -1098.427605 -329.000179
39.200000 1.997697 2.514036 -1132.270432 -365.154973
39.250000 2.013303 2.761868 -1115.642499 -342.534120
39.300000 1.977811 2.372129 -1143.722065 -384.242596
39.350000 1.994999 2.654907 -1119.966380 -353.886803
39.400000 1.999972 2.420406 -1135.706181 -367.716758
39.450000 1.981475 2.795020 -1112.382116 -351.495767
39.500000 2.015029 2.823913 -1111.918030 -338.146911
39.550000 1.993792 2.851868 -1107.263127 -341.647128
39.600000 1.990582 2.820026 -1110.372548 -345.989062
39.650000 2.016242 2.902082 -1110.362824 -336.125966
39.700000 2.011364 2.598909 -1135.927257 -363.563506
39.750000 1.982686 3.098472 -1101.907060 -340.555605
39.800000 2.004382 3.156856 -1095.080221 -325.397525
39.850000 2.004030 3.022305 -1098.490682 -328.943164
39.900000 1.987320 2.969138 -1106.427116 -343.296334
39.950000 1.980515 3.267490 -1088.650754 -328.133161
40.000000 1.994792 2.977461 -1105.159367 -339.159147
40.050000 2.004173 2.926251 -1107.359856 -337.757609
40.100000 2.002198 3.415629 -1078.522996 -309.678869
40.150000 2.014449 3.424663 -1080.576457 -307.027994
40.200000 1.983391 2.960054 -1112.727410 -351.105416
40.250000 1.992117 3.286871 -1089.577145 -324.604172
40.300000 1.992246 3.826463 -1047.139909 -282.117300
40.350000 2.011405 3.354069 -1077.994622 -305.615053
40.400000 1.999950 2.926670 -1100.627843 -332.646865
40.450000 1.991978 2.719127 -1114.378860 -349.459434
40.500000 2.009823 2.557283 -1128.989215 -357.216996
40.550000 2.002881 2.927406 -1109.397131 -340.290872
40.600000 1.997568 3.403849 -1083.390125 -316.323979
40.650000 2.013715 2.742472 -1132.886093 -359.619483
40.700000 1.979895 3.331883 -1087.232782 -326.953164
40.750000 2.005948 3.385246 -1090.131216 -319.847192
40.800000 1.995783 3.284018 -1092.138670 -325.757967
40.850000 2.003929 3.147877 -1094.354450 -324.845634
40.900000 2.005225 2.887516 -1113.539541 -343.533185
40.950000 1.990736 3.284743 -1084.076558 -319.634099
41.000000 2.018207 3.083177 -1095.615533 -320.624077
41.050000 2.012421 2.582412 -1126.011124 -353.241375
41.100000 1.987045 3.221523 -1080.706573 -317.681386
41.150000 1.990327 2.922392 -1106.440937 -342.155503
41.200000 1.994726 3.229893 -1088.406485 -322.431741
41.250000 2.020234 3.148400 -1098.946817 -323.176824
41.300000 1.983796 3.288359 -1080.056955 -318.279251
41.350000 2.016125 2.956767 -1098.817857 -324.626020
41.400000 2.005270 2.712559 -1115.183845 -345.160252
41.450000 1.993272 2.952023 -1108.240101 -342.823840
41.500000 2.001857 3.452533 -1076.245547 -307.532354
41.550000 1.985871 2.996071 -1108.852602 -346.278148
41.600000 2.001169 3.007170 -1112.641942 -344.192989
41.650000 1.994497 3.374354 -1085.904307 -320.017613
41.700000 2.008846 2.579848 -1143.487025 -372.090266
41.750000 2.005578 3.078134 -1099.497724 -329.355730
41.800000 1.991483 2.699020 -1124.063170 -359.333797
41.850000 1.979375 3.214295 -1091.893031 -331.813216
41.900000 2.005498 3.579271 -1064.975603 -294.864425
41.950000 2.009063 2.983148 -1099.123578 -327.643472
42.000000 1.999421 2.800640 -1115.303311 -347.525771
42.050000 2.006649 3.339990 -1081.204429 -310.651126
42.100000 1.999611 3.348669 -1077.659647 -309.808912
42.150000 1.996487 2.795364 -1113.044113 -346.392924
42.200000 1.993307 3.061772 -1091.690884 -326.260986
42.250000 2.002769 2.749368 -1116.783877 -347.720712
42.300000 1.995233 2.797911 -1112.862933 -346.693456
42.350000 2.004919 2.788707 -1112.928391 -343.039399
42.400000 1.998683 3.058717 -1098.284022 -330.789620
42.450000 1.963655 3.718750 -1056.053282 -302.009940
42.500000 2.020515 3.690875 -1061.525986 -285.648321
42.550000 2.006232 3.117939 -1098.386407 -327.993444
42.600000 2.010043 3.250672 -1085.565269 -313.708567
42.650000 1.977937 3.230353 -1090.544920 -331.016933
42.700000 1.985166 3.627801 -1066.466281 -304.162671
42.750000 2.009099 2.990322 -1111.474256 -339.980068
42.800000 1.998423 2.388757 -1145.215022 -377.820553
42.850000 2.000946 2.847648 -1108.422298 -340.059102
42.900000 1.994178 2.988421 -1097.174084 -331.409545
42.950000 2.001078 3.188256 -1085.663778 -317.249896
43.000000 2.002204 2.893442 -1106.133317 -337.287018
43.050000 1.973328 3.149005 -1083.283818 -325.526021
43.100000 2.016367 3.248344 -1082.429724 -308.144777
43.150000 2.001363 3.272844 -1082.370617 -313.847110
43.200000 2.009280 3.199286 -1086.923078 -315.359616
43.250000 2.003928 3.372284 -1079.780560 -310.272364
43.300000 1.993133 2.926768 -1112.308836 -346.945768
43.350000 1.998155 2.784812 -1116.933250 -349.641846
43.400000 2.001022 2.543611 -1128.953335 -360.560782
43.450000 1.984748 3.301175 -1070.844818 -308.701624
43.500000 2.010000 2.625319 -1124.246037 -352.405846
43.550000 2.005036 2.583711 -1129.411677 -359.478022
43.600000 1.977529 2.957724 -1103.829269 -344.458317
43.650000 2.011666 3.552540 -1063.402915 -290.923125
43.700000 2.026382 3.502361 -1074.768937 -296.638385
43.750000 1.995190 3.228782 -1092.986193 -326.833173
43.800000 2.021421 2.931980 -1115.838206 -339.612725
43.850000 1.975636 3.206400 -1099.100736 -340.456607
43.900000 2.026232 3.463809 -1082.198222 -304.125008
43.950000 1.996794 3.020504 -1109.297748 -342.528896
44.000000 1.998784 2.988513 -1115.113269 -347.580366
44.050000 2.000442 3.065193 -1114.181247 -346.011531
44.100000 1.977666 3.447285 -1089.286080 -329.862233
44.150000 2.012300 3.717583 -1066.638257 -293.915160
44.200000 2.027355 2.707277 -1126.584364 -348.080182
44.250000 1.998986 2.359246 -1143.045111 -375.434618
44.300000 2.004872 2.553314 -1130.777535 -360.906669
44.350000 1.980584 3.030344 -1098.613971 -338.069685
44.400000 2.011868 3.059039 -1096.276455 -323.719047
44.450000 1.992906 2.499240 -1136.271005 -370.994965
44.500000 2.014842 3.299582 -1083.684169 -309.984775
44.550000 2.016431 2.926106 -1112.143170 -337.833783
44.600000 1.970994 3.365352 -1079.781005 -322.919426
44.650000 2.034461 2.912012 -1121.002938 -339.770101
44.700000 2.014708 2.859805 -1115.716620 -342.068749
44.750000 1.997049 2.550427 -1129.176716 -362.309945
44.800000 1.998459 2.373716 -1144.410481 -377.002155
44.850000 1.994283 3.349738 -1078.619936 -312.815357
44.900000 1.994114 2.541379 -1136.872308 -371.132564
44.950000 2.001372 2.797721 -1117.206424 -348.679478
45.000000 1.997211 1.904725 -943.151223 -176.222059
45.050000 2.003551 1.618226 -967.674026 -198.310399
45.100000 2.008344 1.725480 -960.315058 -189.111060
45.150000 1.995853 2.136133 -932.167381 -165.759794
45.200000 2.007949 2.010812 -951.660274 -180.608021
45.250000 1.999640 1.701732 -975.625281 -207.763693
45.300000 2.009462 1.789641 -960.787389 -189.153858
45.350000 1.997275 1.692179 -968.208417 -201.254977
45.400000 2.012625 1.696573 -970.788274 -197.940365
45.450000 2.000788 1.805801 -956.408101 -188.105552
45.500000 1.986582 1.639690 -972.697001 -209.849462
45.550000 1.992348 1.892961 -956.143561 -191.081836
45.600000 2.005844 1.965362 -951.981055 -181.737108
45.650000 1.980154 2.271391 -924.334545 -163.955522
45.700000 2.022897 1.977287 -947.553383 -170.760918
45.750000 2.009653 1.655005 -962.162717 -190.456038
45.800000 1.998601 1.446918 -977.563744 -210.100809
45.850000 1.990618 1.730991 -956.260438 -191.862960
45.900000 2.004852 1.727861 -951.980037 -182.116967
45.950000 2.000946 1.559839 -962.807431 -194.444245
46.000000 2.003646 1.537120 -968.942445 -199.542299
46.050000 2.003624 1.745469 -950.622311 -181.230752
46.100000 2.001018 1.437151 -975.971061 -207.580205
46.150000 1.994724 1.552048 -965.992732 -200.018783
46.200000 2.001755 1.739681 -954.479250 -185.805269
46.250000 1.975522 1.935007 -940.293592 -181.692990
46.300000 2.014980 1.579284 -970.214320 -196.461819
46.350000 1.981207 1.811408 -951.241288 -190.457852
46.400000 2.001534 2.027745 -935.109665 -166.520787
46.450000 1.995680 1.804462 -951.068024 -184.726959
46.500000 1.993686 1.721654 -957.514362 -191.938979
46.550000 1.996425 1.938932 -941.342228 -174.715183
46.600000 1.984405 1.992934 -940.225954 -178.214518
46.650000 2.006673 1.917355 -951.478690 -180.916287
46.700000 1.981432 2.461219 -908.089957 -147.219914
46.750000 2.005393 2.142372 -938.306581 -168.235855
46.800000 1.997950 1.938456 -953.507342 -186.294585
46.850000 2.000876 1.921337 -949.292752 -180.956543
46.900000 1.999876 1.409689 -989.576975 -221.624686
46.950000 2.001266 1.799215 -962.517386 -194.031274
47.000000 1.999971 1.892050 -962.396869 -194.407968
47.050000 2.007358 2.039659 -951.372937 -180.547404
47.100000 1.995900 1.988479 -953.264628 -186.839192
47.150000 2.001910 1.707126 -972.141687 -203.408124
47.200000 1.994765 1.892710 -954.566867 -188.577273
47.250000 2.012295 2.125285 -928.009450 -155.288104
47.300000 2.002011 1.481841 -976.104448 -207.332188
47.350000 1.997270 1.661106 -961.386782 -194.434931
47.400000 2.004684 1.303034 -994.237727 -224.439134
47.450000 1.987445 1.504360 -982.155613 -218.976735
47.500000 2.016052 1.522681 -987.698451 -213.534445
47.550000 1.999037 1.831446 -964.518812 -196.888531
47.600000 1.977021 2.144856 -939.536877 -180.360975
47.650000 2.015194 1.555415 -985.535502 -211.701103
47.700000 2.004047 1.312836 -997.887862 -228.333961
47.750000 1.996315 1.483716 -981.128657 -214.543698
47.800000 1.999800 1.840041 -951.696558 -183.773237
47.850000 2.010861 1.423735 -983.183298 -211.012620
47.900000 1.985581 1.688562 -959.188407 -196.725449
47.950000 2.007329 1.749873 -956.283080 -185.468730
48.000000 1.993953 1.596698 -967.897262 -202.219347
48.050000 2.005566 1.854385 -945.298240 -175.160746
48.100000 1.997725 2.007650 -933.782333 -166.655907
48.150000 2.010982 1.469750 -978.300166 -206.082893
48.200000 2.014047 1.438662 -977.752245 -204.358057
48.250000 1.994974 1.524583 -967.518986 -201.449125
48.300000 2.001709 1.182960 -995.954688 -227.298318
48.350000 1.986747 2.017770 -928.651045 -165.740177
48.400000 2.001563 2.435755 -898.712980 -130.112945
48.450000 2.003041 2.121483 -927.263581 -158.095930
48.500000 1.998310 2.017233 -937.334394 -169.983301
48.550000 2.000608 2.012123 -941.139437 -172.906109
48.600000 2.004176 1.799700 -957.430253 -187.826552
48.650000 2.007250 1.781643 -953.082801 -182.298856
48.700000 1.992058 1.631670 -965.257738 -200.307316
48.750000 2.011251 2.001726 -934.379133 -162.058690
48.800000 1.981849 1.529432 -973.819318 -212.789453
48.850000 2.004481 2.016498 -937.990663 -168.269981
48.900000 1.995388 1.662210 -968.444448 -202.215508
48.950000 1.994252 1.635207 -968.047101 -202.254384
49.000000 1.992467 1.928696 -943.465085 -178.357807
49.050000 1.984971 2.102692 -930.794803 -168.566041
49.100000 2.012582 1.619533 -974.046125 -201.214662
49.150000 1.982764 2.062691 -935.828343 -174.447036
49.200000 2.019511 1.651072 -968.821756 -193.329401
49.250000 1.992824 1.595434 -971.626167 -206.381699
49.300000 1.988736 1.577116 -978.605856 -214.931175
49.350000 2.020705 1.653963 -967.453679 -191.503010
49.400000 2.006050 1.203003 -999.718527 -229.395136
49.450000 1.990479 1.642307 -961.096140 -196.752367
49.500000 1.981723 1.848371 -936.145313 -175.163766
49.550000 2.017607 1.453856 -969.156143 -194.394984
49.600000 2.007510 1.437678 -977.051153 -206.167422
49.650000 1.996074 2.182318 -921.582670 -155.090311
49.700000 1.996315 1.837591 -954.595136 -188.010117
49.750000 2.004169 1.742195 -956.284881 -186.684094
49.800000 2.007088 1.215719 -995.851234 -225.129557
49.850000 1.986111 1.627149 -961.975715 -199.309067
49.900000 2.007533 1.381893 -983.054725 -212.161894
49.950000 2.006366 1.547066 -966.371954 -195.927565
50.000000 1.996373 1.750730 -950.395371 -183.788190
50.050000 2.001293 1.795862 -953.778394 -185.281867
50.100000 2.004011 1.635242 -974.845724 -205.305620
50.150000 2.010701 2.083384 -934.301264 -162.192045
50.200000 2.001215 1.299488 -997.608291 -229.141551
50.250000 1.982726 1.486328 -979.829432 -218.462731
50.300000 1.999017 1.721941 -965.912996 -198.290510
50.350000 1.996457 2.152190 -934.221319 -167.582017
50.400000 2.020716 2.110454 -944.513092 -168.558236
50.450000 1.995143 2.358814 -924.370916 -158.235974
50.500000 2.003212 2.257567 -930.380802 -161.147374
50.550000 1.988186 2.030234 -948.238445 -184.775049
50.600000 1.998222 2.265052 -924.688921 -157.371776
50.650000 1.994831 1.893098 -954.512005 -188.496741
50.700000 2.003918 1.858753 -955.259043 -185.754416
50.750000 2.006821 1.798798 -954.935206 -184.315977
50.800000 1.991129 1.618112 -968.496406 -203.902902
50.850000 2.015227 1.599533 -968.102006 -194.254983
50.900000 1.988482 1.530571 -975.038973 -211.461889
50.950000 1.984397 1.959484 -946.060392 -184.051757
51.000000 2.020395 1.524724 -985.926888 -210.095343
51.050000 1.987983 2.014952 -941.954373 -178.568984
51.100000 2.004612 1.925054 -947.190647 -177.419770
51.150000 2.012854 2.136591 -921.640417 -148.704417
51.200000 1.991002 1.646753 -963.157568 -198.612787
51.250000 2.005114 2.014392 -936.563921 -166.600135
51.300000 2.003532 1.602749 -973.626562 -204.270414
51.350000 2.012592 1.717431 -960.348418 -187.513214
51.400000 1.990370 1.663375 -965.018214 -200.715990
51.450000 1.986607 1.851279 -955.571027 -192.714070
51.500000 2.000595 1.706560 -966.695945 -198.467298
51.550000 1.994269 1.447385 -986.826043 -221.026938
51.600000 2.013460 1.552009 -971.673073 -198.504620
51.650000 2.002553 1.130800 -994.543034 -225.562845
51.700000 1.984969 1.596836 -954.236524 -192.008450
51.750000 2.037062 1.571732 -968.598660 -186.366823
51.800000 2.009322 1.823679 -946.410276 -174.830707
51.850000 1.987009 1.746547 -955.087679 -192.076353
51.900000 1.984263 1.846492 -948.891437 -186.934268
51.950000 2.018353 1.687702 -962.639768 -187.592125
52.000000 2.009281 1.547097 -976.231733 -204.667968
52.050000 1.999548 1.739792 -964.868849 -197.042379
52.100000 2.005992 1.556117 -984.487352 -214.186255
52.150000 2.012423 1.403688 -997.325425 -224.555185
52.200000 1.976089 1.797224 -968.783352 -209.965274
52.250000 2.006766 1.583553 -994.184073 -223.585800
52.300000 1.996882 1.838719 -964.946389 -198.143889
52.350000 2.007215 1.596721 -982.417748 -211.647313
52.400000 1.995341 1.647992 -978.893296 -212.682337
52.450000 1.981198 2.096550 -941.856639 -181.076557
52.500000 2.002759 0.911321 -825.433703 -56.374176
52.550000 2.004484 0.856260 -840.656637 -70.934770
52.600000 1.979116 1.288630 -808.161610 -48.181119
52.650000 1.993031 1.503482 -788.386990 -23.063216
52.700000 2.017350 1.215402 -811.808592 -37.146112
52.750000 1.993963 1.112263 -816.793084 -51.111379
52.800000 2.004727 1.417214 -781.931284 -12.116225
52.850000 1.998845 1.200039 -796.904205 -29.347645
52.900000 1.996237 1.095078 -802.396097 -35.841018
52.950000 1.995935 0.854633 -827.027060 -60.588053
53.000000 2.016129 1.121250 -806.738608 -32.545050
53.050000 2.004071 1.160262 -810.950971 -41.387782
53.100000 1.998706 1.277949 -800.339320 -32.836281
53.150000 1.995976 1.171407 -807.401329 -40.946532
53.200000 2.000986 1.123916 -807.406275 -39.027487
53.250000 2.006967 0.974351 -820.728960 -50.053763
53.300000 1.988825 1.142142 -802.716328 -39.007489
53.350000 2.008339 1.313120 -784.350122 -13.148037
53.400000 2.017806 0.906649 -821.479055 -46.641501
53.450000 1.995279 0.760794 -840.538500 -74.351423
53.500000 1.992924 1.422509 -788.338569 -23.055751
53.550000 2.006382 1.782839 -767.339675 3.111003
53.600000 2.010351 1.854137 -769.185609 2.789360
53.650000 2.008878 1.517173 -797.026025 -25.617008
53.700000 1.996011 1.185614 -813.903615 -47.435511
53.750000 2.010409 0.868931 -831.363111 -59.365964
53.800000 1.999718 0.972547 -813.104796 -45.213163
53.850000 1.992255 1.168842 -797.537131 -32.511057
53.900000 2.007971 1.088319 -809.932746 -38.872031
53.950000 2.019926 1.001961 -816.797200 -41.145538
54.000000 1.989469 0.874933 -827.711193 -63.755266
54.050000 2.016095 1.078933 -811.086018 -36.905706
54.100000 1.988852 1.308176 -796.434229 -32.714968
54.150000 1.997905 1.390422 -792.288546 -25.093128
54.200000 1.997520 1.022940 -820.004049 -52.956316
54.250000 1.986090 0.935980 -818.548169 -55.889781
54.300000 2.003741 0.967759 -807.314977 -37.878346
54.350000 2.001878 0.726408 -823.830803 -55.109815
54.400000 1.995452 0.922872 -800.540398 -34.286879
54.450000 2.000687 1.003662 -788.196628 -19.932774
54.500000 2.010915 0.576119 -829.123650 -56.932302
54.550000 1.983249 1.054759 -782.971375 -21.403877
54.600000 1.996608 1.038573 -796.786979 -30.089427
54.650000 2.014628 1.219038 -785.357427 -11.740190
54.700000 2.001254 1.257867 -780.747685 -12.266146
54.750000 2.006173 0.819225 -820.958264 -50.587728
54.800000 1.996746 1.206699 -776.963817 -10.213531
54.850000 1.992579 1.313850 -767.777108 -2.626736
54.900000 1.995327 0.993115 -799.300056 -33.094387
54.950000 1.998777 0.918485 -804.879479 -37.349008
55.000000 2.000877 0.870798 -810.038830 -41.702030
55.050000 1.991091 1.255832 -774.445163 -9.866220
55.100000 1.995921 1.477896 -754.227439 12.206348
55.150000 2.014016 1.006550 -798.533642 -25.151496
55.200000 1.991850 0.879860 -810.915451 -46.044882
55.250000 1.999356 1.265283 -781.535712 -13.783154
55.300000 2.005064 1.133364 -798.373292 -28.428544
55.350000 2.004609 0.866137 -826.520529 -56.750702
55.400000 1.994743 0.870143 -834.153211 -68.171918
55.450000 1.990337 1.394631 -789.627750 -25.338328
55.500000 2.011412 1.283669 -806.442594 -34.060399
55.550000 2.003105 1.071606 -822.220434 -53.028101
55.600000 2.007946 0.981831 -826.030821 -54.979455
55.650000 2.012542 0.880453 -833.213465 -60.397476
55.700000 1.986152 1.131201 -809.569545 -46.887102
55.750000 2.007910 0.891317 -836.503455 -65.466198
55.800000 2.000296 0.821752 -837.985467 -69.871953
55.850000 1.991139 1.185243 -802.951587 -38.354055
55.900000 2.010182 1.033673 -823.785649 -51.875709
55.950000 1.990873 1.364306 -794.303965 -29.808601
56.000000 2.001912 1.218957 -809.899856 -41.165647
56.050000 2.010793 0.733926 -851.444441 -79.300017
56.100000 1.996062 0.966175 -821.059193 -54.571454
56.150000 2.007168 1.127421 -805.502590 -34.750015
56.200000 2.011228 1.080107 -811.820167 -39.508715
56.250000 2.009679 1.015316 -820.300353 -48.583653
56.300000 1.990044 1.021256 -824.267627 -60.090603
56.350000 1.998682 1.295757 -803.253519 -35.759629
56.400000 1.992806 1.063705 -829.336001 -64.098569
56.450000 1.999597 1.347227 -795.142386 -27.297097
56.500000 2.012030 1.069890 -813.141656 -40.522205
56.550000 1.995806 0.846263 -831.028995 -64.639614
56.600000 1.995452 1.148202 -797.964214 -31.710516
56.650000 2.012830 0.841612 -821.214113 -48.287226
56.700000 2.000674 0.663799 -829.312611 -61.053977
56.750000 1.997186 0.857828 -812.914618 -45.995014
56.800000 1.998133 1.030527 -801.283830 -34.000798
56.850000 2.014539 1.161893 -791.332492 -17.749336
56.900000 1.996555 1.155373 -798.630267 -31.953006
56.950000 2.010618 1.273030 -794.111959 -22.034573
57.000000 2.005281 1.013164 -822.041545 -52.013614
57.050000 1.998219 1.256787 -799.652430 -32.336178
57.100000 2.008746 1.510063 -775.975267 -4.616983
57.150000 1.991859 1.364704 -787.724722 -22.850877
57.200000 2.008995 1.212595 -797.555883 -26.101949
57.250000 1.997496 1.049717 -805.831834 -38.793419
57.300000 1.995378 1.093598 -795.023091 -28.797893
57.350000 1.998036 1.099444 -794.618298 -27.372512
57.400000 2.005104 0.840113 -821.629204 -51.669459
57.450000 1.998601 0.865000 -819.610285 -52.147458
57.500000 2.002516 1.069975 -797.886445 -28.920478
57.550000 2.001930 1.142735 -787.545923 -18.804649
57.600000 1.994326 1.072364 -791.984159 -26.163027
57.650000 2.002339 1.042634 -794.813778 -25.915510
57.700000 1.983279 1.171234 -783.162034 -21.583045
57.750000 2.002510 0.985997 -809.832603 -40.868943
57.800000 1.997097 1.133853 -803.837886 -36.952453
57.850000 2.002463 1.241525 -801.132322 -32.186583
57.900000 1.988465 1.596401 -772.597324 -9.026914
57.950000 2.012817 1.371319 -799.572652 -26.650959
58.000000 1.995158 1.398588 -789.077138 -22.936383
58.050000 2.025041 0.987081 -818.270620 -40.654686
58.100000 1.979762 0.927915 -811.368289 -51.139690
58.150000 2.001473 0.886199 -817.498033 -48.932462
58.200000 2.002667 0.938327 -819.216504 -50.192521
58.250000 2.002250 0.956083 -825.569649 -56.705549
58.300000 1.977685 1.488252 -774.244726 -14.813861
58.350000 2.001507 1.158284 -805.669381 -37.090853
58.400000 2.001382 0.781267 -837.874715 -69.343869
58.450000 1.986912 1.145499 -800.767173 -37.793151
58.500000 2.003887 1.187689 -793.654866 -24.162283
58.550000 1.987721 0.998234 -805.696974 -42.411931
58.600000 1.995671 0.787573 -827.145125 -60.807448
58.650000 1.978226 0.996516 -806.934672 -47.296054
58.700000 2.009706 0.714805 -838.735532 -67.008371
58.750000 1.987366 0.879685 -821.466552 -58.317963
58.800000 1.997329 1.000824 -819.074961 -52.100494
58.850000 1.996302 1.284172 -797.671422 -31.091511
58.900000 2.001738 1.218202 -803.692434 -35.024933
58.950000 2.005499 1.094111 -813.547551 -43.435990
59.000000 1.993857 1.586952 -757.703248 7.937881
59.050000 2.002621 1.084617 -810.769335 -41.762750
59.100000 2.003079 1.043181 -811.501604 -42.319164
59.150000 1.997713 0.906564 -822.887656 -55.765695
59.200000 1.978450 1.297902 -795.178395 -35.453702
59.250000 2.014872 1.355867 -798.335431 -24.624655
59.300000 1.990317 1.470076 -780.723978 -16.442334
59.350000 2.012094 1.190357 -800.526492 -27.882490
59.400000 1.990174 1.354269 -776.671226 -12.444551
59.450000 2.003972 1.094778 -799.067332 -29.542090
59.500000 1.993037 0.839955 -815.996705 -50.670635
59.550000 1.983694 1.069256 -793.375588 -31.637116
59.600000 1.998738 1.147645 -793.518187 -26.002736
59.650000 2.012776 1.250037 -785.689767 -12.783617
59.700000 1.996135 1.096272 -799.416490 -32.900815
59.750000 2.001457 0.788264 -832.490886 -63.931207
59.800000 1.990684 1.195406 -797.319038 -32.896424
59.850000 1.993672 1.489965 -772.503323 -6.933294
59.900000 1.996132 1.338071 -785.164394 -18.649768
59.950000 2.005942 0.984364 -816.248195 -45.966637
60.000000 2.004866 0.734471 -653.437119 116.431257
60.050000 2.008819 0.711368 -652.078022 119.308508
60.100000 1.989242 0.992635 -613.567355 150.301553
60.150000 2.008660 0.761137 -639.501804 131.823515
60.200000 2.000685 0.623616 -650.086750 118.176208
60.250000 2.001689 0.487826 -664.772486 103.875932
60.300000 1.991355 0.669386 -647.673847 117.006505
60.350000 1.999752 0.910095 -626.909532 140.995124
60.400000 1.992272 0.681141 -657.144828 107.887553
60.450000 2.015333 0.719422 -647.174726 126.713149
60.500000 1.996042 0.605221 -655.990035 110.490093
60.550000 1.989893 0.662624 -649.737202 114.381537
60.600000 2.013818 0.760928 -638.104540 135.201491
60.650000 2.004288 0.684782 -646.106484 123.540126
60.700000 1.999865 0.697213 -642.419517 125.528775
60.750000 1.995054 0.727995 -640.381944 125.718870
60.800000 1.997055 0.716226 -644.332452 122.536593
60.850000 2.002780 0.768837 -639.674394 129.393077
60.900000 2.009316 0.807873 -635.099793 136.477453
60.950000 1.994041 0.688165 -656.078113 109.633526
61.000000 1.994806 0.924939 -636.270600 129.734926
61.050000 2.008504 0.773050 -658.301369 112.964139
61.100000 1.987166 0.858773 -645.277549 117.794171
61.150000 1.999799 0.970241 -629.378157 138.544485
61.200000 1.996553 0.677795 -664.603184 102.073344
61.250000 1.998566 0.881433 -639.955786 127.493393
61.300000 2.010215 0.680930 -667.823739 104.098642
61.350000 1.976891 0.841724 -649.070512 110.055747
61.400000 2.016206 0.819029 -652.288025 121.935243
61.450000 1.992313 0.667661 -667.108768 97.939612
61.500000 2.006594 0.704457 -662.227132 108.304997
61.550000 1.997018 0.806305 -644.958556 121.896202
61.600000 1.999191 0.675225 -659.944522 107.744969
61.650000 1.990544 0.927033 -628.924142 135.444691
61.700000 2.006127 0.665481 -655.964846 114.387917
61.750000 1.997538 0.475300 -676.172976 90.881785
61.800000 1.996156 0.675477 -654.348963 112.174930
61.850000 1.991823 0.771346 -644.129715 120.730432
61.900000 2.000620 0.658314 -656.382215 111.855918
61.950000 2.010573 0.673565 -646.368776 125.691375
62.000000 1.994878 0.452632 -671.296450 94.736892
62.050000 1.990480 0.684275 -645.375500 118.968962
62.100000 2.000337 0.660148 -651.336724 116.792755
62.150000 2.005399 0.834180 -628.122563 141.950796
62.200000 2.006748 0.690056 -647.026891 123.564245
62.250000 1.984997 0.929011 -618.188594 144.050330
62.300000 2.000658 0.742833 -645.754139 122.498660
62.350000 2.005010 0.691333 -650.744369 119.179478
62.400000 1.987742 0.956053 -615.768422 147.524318
62.450000 2.014465 0.664342 -653.744326 119.810116
62.500000 1.995451 0.598324 -660.095044 106.157992
62.550000 1.993285 0.909858 -620.837033 144.584291
62.600000 2.015173 0.698265 -647.799225 126.027119
62.650000 1.999974 0.777667 -633.361373 134.628578
62.700000 2.008289 0.651554 -646.920386 124.262560
62.750000 2.005748 0.807560 -626.072336 144.134984
62.800000 2.007855 0.712331 -639.786843 131.229564
62.850000 1.988073 0.687307 -644.915273 118.504742
62.900000 2.007017 0.470429 -678.524733 92.169858
62.950000 1.985149 0.817951 -644.525473 117.771887
63.000000 1.998007 0.987132 -632.088936 135.145923
63.050000 1.997257 0.866641 -642.790284 124.156260
63.100000 2.001676 0.639712 -663.553155 105.090502
63.150000 1.996252 0.798020 -637.082934 129.477782
63.200000 1.997426 0.825128 -628.532024 138.479608
63.250000 2.010089 0.611416 -651.937717 119.936484
63.300000 2.000947 0.541955 -656.702575 111.661181
63.350000 2.003582 0.588691 -648.456381 120.919227
63.400000 1.995773 0.530958 -658.294727 108.082292
63.450000 1.983871 0.815123 -629.498355 132.307982
63.500000 1.996371 0.684969 -650.957269 115.649349
63.550000 1.995168 0.815967 -634.012349 132.132099
63.600000 2.000489 0.707026 -650.695243 117.492664
63.650000 2.007269 0.630445 -660.122908 110.668422
63.700000 1.974538 0.876239 -629.741037 128.481515
63.750000 2.016985 0.879971 -629.562604 144.959634
63.800000 2.000284 0.533716 -666.205302 101.903720
63.850000 1.990404 0.762469 -644.458622 119.856377
63.900000 2.011534 0.786748 -646.245152 126.183955
63.950000 2.003323 0.728615 -650.422448 118.853421
64.000000 1.997912 0.717228 -655.972691 111.225430
64.050000 1.997245 0.894364 -641.551616 125.390516
64.100000 2.017670 1.059419 -624.598955 150.186279
64.150000 1.994477 1.047135 -623.495616 142.383675
64.200000 2.008910 0.803991 -655.407001 116.014544
64.250000 1.995706 0.917900 -642.614508 123.736474
64.300000 2.006702 0.826067 -653.205453 117.368241
64.350000 2.002135 0.646739 -666.870411 101.949518
64.400000 2.002922 0.591725 -663.232711 105.889372
64.450000 2.011285 0.639542 -649.898865 122.434466
64.500000 1.989676 0.517428 -666.760301 97.275363
64.550000 1.992555 0.796603 -640.373748 124.767537
64.600000 1.998940 1.032530 -612.857406 154.735737
64.650000 1.999959 0.741833 -648.325794 119.658532
64.700000 2.018399 0.736797 -645.735776 129.329613
64.750000 1.991774 0.691499 -648.915405 115.925692
64.800000 2.003098 0.603138 -660.358367 108.831185
64.850000 2.001170 0.561563 -657.481786 110.967558
64.900000 2.012589 0.414759 -666.464153 106.370041
64.950000 1.997066 0.267529 -681.063337 85.809827
65.000000 1.994412 0.515723 -656.720416 109.133716
65.050000 1.987781 0.840741 -626.374756 136.933028
65.100000 1.998735 0.775391 -638.528543 128.985530
65.150000 2.002409 0.667155 -650.901719 118.023378
65.200000 1.997429 0.640463 -659.430531 107.582320
65.250000 2.004453 0.792825 -645.142877 124.566961
65.300000 2.001801 0.562751 -676.346908 92.344706
65.350000 1.983884 0.894272 -635.047703 126.763659
65.400000 1.991821 0.738781 -658.840198 106.018951
65.450000 1.998436 0.696250 -663.656481 103.743081
65.500000 2.013359 0.792491 -642.562258 130.567769
65.550000 1.996303 0.634955 -648.356547 118.223938
65.600000 1.998726 0.440265 -663.736942 103.773784
65.650000 1.996014 0.509899 -651.180109 115.289284
65.700000 1.993669 0.525309 -651.244704 114.324163
65.750000 1.998970 0.535978 -652.738062 114.866460
65.800000 1.996807 0.659581 -641.136416 125.637352
65.850000 1.986264 0.857895 -617.635512 145.089927
65.900000 2.007541 0.612438 -644.097175 126.798559
65.950000 1.999837 0.639753 -634.317649 133.619787
66.000000 1.995474 0.666971 -629.352899 136.908964
66.050000 2.001116 0.779084 -615.224724 153.203961
66.100000 1.991830 0.717153 -620.876370 143.986274
66.150000 2.005738 0.553229 -643.159493 127.044005
66.200000 2.002893 0.481436 -657.985928 111.125004
66.250000 1.995287 0.682740 -641.709032 124.481272
66.300000 2.013291 0.657630 -646.007371 127.096490
66.350000 2.000097 0.509976 -659.247643 108.789746
66.400000 2.007717 0.673416 -638.239697 132.723682
66.450000 1.992543 0.723237 -638.438671 126.697976
66.500000 2.013170 0.831648 -631.580836 141.476495
66.550000 1.994421 0.743602 -641.976549 123.881119
66.600000 2.002281 0.827844 -629.031699 139.844170
66.650000 2.000000 0.791892 -630.615110 137.384872
66.700000 2.010653 0.692084 -637.350630 134.740114
66.750000 1.993155 0.604229 -646.023755 119.347725
66.800000 2.004233 0.667931 -637.703853 131.921615
66.850000 2.002336 0.615976 -640.143581 128.753418
66.900000 1.989210 0.563690 -644.475997 119.380518
66.950000 2.004707 0.665242 -633.853193 135.954440
67.000000 2.001487 0.507071 -661.315127 107.255853
67.050000 1.988123 0.807538 -630.524507 132.914735
67.100000 1.998055 0.766550 -635.351245 131.901957
67.150000 2.008370 0.711629 -634.028915 137.185167
67.200000 2.004495 0.712113 -628.933546 140.792373
67.250000 1.991823 0.567345 -651.601141 113.258861
67.300000 1.999396 0.571860 -658.438350 109.329654
67.350000 1.988964 0.648417 -651.194970 112.567157
67.400000 2.009799 0.676035 -647.382248 124.380747
67.450000 2.000393 0.721947 -637.024152 131.126861
